Analysis & Elaboration report for Datapath
Wed Mar 13 11:30:58 2024
Quartus Prime Version 20.1.1 Build 720 11/11/2020 SJ Lite Edition


---------------------
; Table of Contents ;
---------------------
  1. Legal Notice
  2. Analysis & Elaboration Summary
  3. Parallel Compilation
  4. Parameter Settings for User Entity Instance: register_n:b2v_A_register
  5. Parameter Settings for User Entity Instance: mux3:b2v_ALUMux
  6. Parameter Settings for User Entity Instance: register_n:b2v_ALUOut_register
  7. Parameter Settings for User Entity Instance: register_n:b2v_B_register
  8. Parameter Settings for User Entity Instance: register_n:b2v_Data_register
  9. Parameter Settings for User Entity Instance: mux2:b2v_InstrDataMemoryMux
 10. Parameter Settings for User Entity Instance: register_n:b2v_IR
 11. Parameter Settings for User Entity Instance: register_n:b2v_OldPC_register
 12. Parameter Settings for User Entity Instance: register_n:b2v_PC_register
 13. Parameter Settings for User Entity Instance: constant_32bit:b2v_PCIncrement
 14. Parameter Settings for User Entity Instance: read_data:b2v_ReadData_0|mux4:b2v_ByteSelectMux
 15. Parameter Settings for User Entity Instance: read_data:b2v_ReadData_0|mux2:b2v_HalfWordSelect
 16. Parameter Settings for User Entity Instance: read_data:b2v_ReadData_0|mux2:b2v_ReadDataMux
 17. Parameter Settings for User Entity Instance: read_data:b2v_ReadData_0|mux3:b2v_ReadDataMuxByte
 18. Parameter Settings for User Entity Instance: read_data:b2v_ReadData_0|mux2:b2v_ReadDataMuxHalf
 19. Parameter Settings for User Entity Instance: read_data:b2v_ReadData_0|sign_extend:b2v_SignExtend_Byte
 20. Parameter Settings for User Entity Instance: read_data:b2v_ReadData_0|sign_extend:b2v_SignExtend_Half
 21. Parameter Settings for User Entity Instance: read_data:b2v_ReadData_0|zero_extend:b2v_ZeroExtend_Byte
 22. Parameter Settings for User Entity Instance: read_data:b2v_ReadData_0|zero_extend:b2v_ZeroExtend_Half
 23. Parameter Settings for User Entity Instance: mux4:b2v_SrcAMux
 24. Parameter Settings for User Entity Instance: mux3:b2v_SrcBMux
 25. Parameter Settings for User Entity Instance: write_data:b2v_WriteData_0|mux2:b2v_ByteWordSelectMux
 26. Parameter Settings for User Entity Instance: write_data:b2v_WriteData_0|mux4:b2v_SelectByteMux
 27. Parameter Settings for User Entity Instance: write_data:b2v_WriteData_0|mux2:b2v_SelectHalfMux
 28. Parameter Settings for User Entity Instance: write_data:b2v_WriteData_0|mux2:b2v_WriteDataMux
 29. Parameter Settings for User Entity Instance: constant_32bit:b2v_ZeroForA
 30. Analysis & Elaboration Settings
 31. Port Connectivity Checks: "register_n:b2v_Data_register"
 32. Port Connectivity Checks: "register_n:b2v_ALUOut_register"
 33. Port Connectivity Checks: "register_n:b2v_A_register"
 34. Analysis & Elaboration Messages
 35. Analysis & Elaboration Suppressed Messages



----------------
; Legal Notice ;
----------------
Copyright (C) 2020  Intel Corporation. All rights reserved.
Your use of Intel Corporation's design tools, logic functions 
and other software and tools, and any partner logic 
functions, and any output files from any of the foregoing 
(including device programming or simulation files), and any 
associated documentation or information are expressly subject 
to the terms and conditions of the Intel Program License 
Subscription Agreement, the Intel Quartus Prime License Agreement,
the Intel FPGA IP License Agreement, or other applicable license
agreement, including, without limitation, that your use is for
the sole purpose of programming logic devices manufactured by
Intel and sold by Intel or its authorized distributors.  Please
refer to the applicable agreement for further details, at
https://fpgasoftware.intel.com/eula.



+-----------------------------------------------------------------------------+
; Analysis & Elaboration Summary                                              ;
+-------------------------------+---------------------------------------------+
; Analysis & Elaboration Status ; Successful - Wed Mar 13 11:30:58 2024       ;
; Quartus Prime Version         ; 20.1.1 Build 720 11/11/2020 SJ Lite Edition ;
; Revision Name                 ; Datapath                                    ;
; Top-level Entity Name         ; datapath                                    ;
; Family                        ; Cyclone V                                   ;
; Logic utilization (in ALMs)   ; N/A until Partition Merge                   ;
; Total registers               ; N/A until Partition Merge                   ;
; Total pins                    ; N/A until Partition Merge                   ;
; Total virtual pins            ; N/A until Partition Merge                   ;
; Total block memory bits       ; N/A until Partition Merge                   ;
; Total PLLs                    ; N/A until Partition Merge                   ;
; Total DLLs                    ; N/A until Partition Merge                   ;
+-------------------------------+---------------------------------------------+


+------------------------------------------+
; Parallel Compilation                     ;
+----------------------------+-------------+
; Processors                 ; Number      ;
+----------------------------+-------------+
; Number detected on machine ; 8           ;
; Maximum allowed            ; 4           ;
;                            ;             ;
; Average used               ; 1.00        ;
; Maximum used               ; 1           ;
;                            ;             ;
; Usage by Processor         ; % Time Used ;
;     Processor 1            ; 100.0%      ;
+----------------------------+-------------+


+------------------------------------------------------------------------+
; Parameter Settings for User Entity Instance: register_n:b2v_A_register ;
+----------------+-------+-----------------------------------------------+
; Parameter Name ; Value ; Type                                          ;
+----------------+-------+-----------------------------------------------+
; WIDTH          ; 32    ; Signed Integer                                ;
+----------------+-------+-----------------------------------------------+
Note: In order to hide this table in the UI and the text report file, please set the "Show Parameter Settings in Synthesis Report" option in "Analysis and Synthesis Settings -> More Settings" to "Off".


+--------------------------------------------------------------+
; Parameter Settings for User Entity Instance: mux3:b2v_ALUMux ;
+----------------+-------+-------------------------------------+
; Parameter Name ; Value ; Type                                ;
+----------------+-------+-------------------------------------+
; WIDTH          ; 32    ; Signed Integer                      ;
+----------------+-------+-------------------------------------+
Note: In order to hide this table in the UI and the text report file, please set the "Show Parameter Settings in Synthesis Report" option in "Analysis and Synthesis Settings -> More Settings" to "Off".


+-----------------------------------------------------------------------------+
; Parameter Settings for User Entity Instance: register_n:b2v_ALUOut_register ;
+----------------+-------+----------------------------------------------------+
; Parameter Name ; Value ; Type                                               ;
+----------------+-------+----------------------------------------------------+
; WIDTH          ; 32    ; Signed Integer                                     ;
+----------------+-------+----------------------------------------------------+
Note: In order to hide this table in the UI and the text report file, please set the "Show Parameter Settings in Synthesis Report" option in "Analysis and Synthesis Settings -> More Settings" to "Off".


+------------------------------------------------------------------------+
; Parameter Settings for User Entity Instance: register_n:b2v_B_register ;
+----------------+-------+-----------------------------------------------+
; Parameter Name ; Value ; Type                                          ;
+----------------+-------+-----------------------------------------------+
; WIDTH          ; 32    ; Signed Integer                                ;
+----------------+-------+-----------------------------------------------+
Note: In order to hide this table in the UI and the text report file, please set the "Show Parameter Settings in Synthesis Report" option in "Analysis and Synthesis Settings -> More Settings" to "Off".


+---------------------------------------------------------------------------+
; Parameter Settings for User Entity Instance: register_n:b2v_Data_register ;
+----------------+-------+--------------------------------------------------+
; Parameter Name ; Value ; Type                                             ;
+----------------+-------+--------------------------------------------------+
; WIDTH          ; 32    ; Signed Integer                                   ;
+----------------+-------+--------------------------------------------------+
Note: In order to hide this table in the UI and the text report file, please set the "Show Parameter Settings in Synthesis Report" option in "Analysis and Synthesis Settings -> More Settings" to "Off".


+--------------------------------------------------------------------------+
; Parameter Settings for User Entity Instance: mux2:b2v_InstrDataMemoryMux ;
+----------------+-------+-------------------------------------------------+
; Parameter Name ; Value ; Type                                            ;
+----------------+-------+-------------------------------------------------+
; WIDTH          ; 32    ; Signed Integer                                  ;
+----------------+-------+-------------------------------------------------+
Note: In order to hide this table in the UI and the text report file, please set the "Show Parameter Settings in Synthesis Report" option in "Analysis and Synthesis Settings -> More Settings" to "Off".


+----------------------------------------------------------------+
; Parameter Settings for User Entity Instance: register_n:b2v_IR ;
+----------------+-------+---------------------------------------+
; Parameter Name ; Value ; Type                                  ;
+----------------+-------+---------------------------------------+
; WIDTH          ; 32    ; Signed Integer                        ;
+----------------+-------+---------------------------------------+
Note: In order to hide this table in the UI and the text report file, please set the "Show Parameter Settings in Synthesis Report" option in "Analysis and Synthesis Settings -> More Settings" to "Off".


+----------------------------------------------------------------------------+
; Parameter Settings for User Entity Instance: register_n:b2v_OldPC_register ;
+----------------+-------+---------------------------------------------------+
; Parameter Name ; Value ; Type                                              ;
+----------------+-------+---------------------------------------------------+
; WIDTH          ; 32    ; Signed Integer                                    ;
+----------------+-------+---------------------------------------------------+
Note: In order to hide this table in the UI and the text report file, please set the "Show Parameter Settings in Synthesis Report" option in "Analysis and Synthesis Settings -> More Settings" to "Off".


+-------------------------------------------------------------------------+
; Parameter Settings for User Entity Instance: register_n:b2v_PC_register ;
+----------------+-------+------------------------------------------------+
; Parameter Name ; Value ; Type                                           ;
+----------------+-------+------------------------------------------------+
; WIDTH          ; 32    ; Signed Integer                                 ;
+----------------+-------+------------------------------------------------+
Note: In order to hide this table in the UI and the text report file, please set the "Show Parameter Settings in Synthesis Report" option in "Analysis and Synthesis Settings -> More Settings" to "Off".


+-----------------------------------------------------------------------------+
; Parameter Settings for User Entity Instance: constant_32bit:b2v_PCIncrement ;
+----------------+-------+----------------------------------------------------+
; Parameter Name ; Value ; Type                                               ;
+----------------+-------+----------------------------------------------------+
; value          ; 4     ; Signed Integer                                     ;
+----------------+-------+----------------------------------------------------+
Note: In order to hide this table in the UI and the text report file, please set the "Show Parameter Settings in Synthesis Report" option in "Analysis and Synthesis Settings -> More Settings" to "Off".


+----------------------------------------------------------------------------------------------+
; Parameter Settings for User Entity Instance: read_data:b2v_ReadData_0|mux4:b2v_ByteSelectMux ;
+----------------+-------+---------------------------------------------------------------------+
; Parameter Name ; Value ; Type                                                                ;
+----------------+-------+---------------------------------------------------------------------+
; WIDTH          ; 8     ; Signed Integer                                                      ;
+----------------+-------+---------------------------------------------------------------------+
Note: In order to hide this table in the UI and the text report file, please set the "Show Parameter Settings in Synthesis Report" option in "Analysis and Synthesis Settings -> More Settings" to "Off".


+-----------------------------------------------------------------------------------------------+
; Parameter Settings for User Entity Instance: read_data:b2v_ReadData_0|mux2:b2v_HalfWordSelect ;
+----------------+-------+----------------------------------------------------------------------+
; Parameter Name ; Value ; Type                                                                 ;
+----------------+-------+----------------------------------------------------------------------+
; WIDTH          ; 16    ; Signed Integer                                                       ;
+----------------+-------+----------------------------------------------------------------------+
Note: In order to hide this table in the UI and the text report file, please set the "Show Parameter Settings in Synthesis Report" option in "Analysis and Synthesis Settings -> More Settings" to "Off".


+--------------------------------------------------------------------------------------------+
; Parameter Settings for User Entity Instance: read_data:b2v_ReadData_0|mux2:b2v_ReadDataMux ;
+----------------+-------+-------------------------------------------------------------------+
; Parameter Name ; Value ; Type                                                              ;
+----------------+-------+-------------------------------------------------------------------+
; WIDTH          ; 32    ; Signed Integer                                                    ;
+----------------+-------+-------------------------------------------------------------------+
Note: In order to hide this table in the UI and the text report file, please set the "Show Parameter Settings in Synthesis Report" option in "Analysis and Synthesis Settings -> More Settings" to "Off".


+------------------------------------------------------------------------------------------------+
; Parameter Settings for User Entity Instance: read_data:b2v_ReadData_0|mux3:b2v_ReadDataMuxByte ;
+----------------+-------+-----------------------------------------------------------------------+
; Parameter Name ; Value ; Type                                                                  ;
+----------------+-------+-----------------------------------------------------------------------+
; WIDTH          ; 32    ; Signed Integer                                                        ;
+----------------+-------+-----------------------------------------------------------------------+
Note: In order to hide this table in the UI and the text report file, please set the "Show Parameter Settings in Synthesis Report" option in "Analysis and Synthesis Settings -> More Settings" to "Off".


+------------------------------------------------------------------------------------------------+
; Parameter Settings for User Entity Instance: read_data:b2v_ReadData_0|mux2:b2v_ReadDataMuxHalf ;
+----------------+-------+-----------------------------------------------------------------------+
; Parameter Name ; Value ; Type                                                                  ;
+----------------+-------+-----------------------------------------------------------------------+
; WIDTH          ; 32    ; Signed Integer                                                        ;
+----------------+-------+-----------------------------------------------------------------------+
Note: In order to hide this table in the UI and the text report file, please set the "Show Parameter Settings in Synthesis Report" option in "Analysis and Synthesis Settings -> More Settings" to "Off".


+-------------------------------------------------------------------------------------------------------+
; Parameter Settings for User Entity Instance: read_data:b2v_ReadData_0|sign_extend:b2v_SignExtend_Byte ;
+----------------+-------+------------------------------------------------------------------------------+
; Parameter Name ; Value ; Type                                                                         ;
+----------------+-------+------------------------------------------------------------------------------+
; WIDTH          ; 8     ; Signed Integer                                                               ;
; SIGNS          ; 24    ; Signed Integer                                                               ;
+----------------+-------+------------------------------------------------------------------------------+
Note: In order to hide this table in the UI and the text report file, please set the "Show Parameter Settings in Synthesis Report" option in "Analysis and Synthesis Settings -> More Settings" to "Off".


+-------------------------------------------------------------------------------------------------------+
; Parameter Settings for User Entity Instance: read_data:b2v_ReadData_0|sign_extend:b2v_SignExtend_Half ;
+----------------+-------+------------------------------------------------------------------------------+
; Parameter Name ; Value ; Type                                                                         ;
+----------------+-------+------------------------------------------------------------------------------+
; WIDTH          ; 16    ; Signed Integer                                                               ;
; SIGNS          ; 16    ; Signed Integer                                                               ;
+----------------+-------+------------------------------------------------------------------------------+
Note: In order to hide this table in the UI and the text report file, please set the "Show Parameter Settings in Synthesis Report" option in "Analysis and Synthesis Settings -> More Settings" to "Off".


+-------------------------------------------------------------------------------------------------------+
; Parameter Settings for User Entity Instance: read_data:b2v_ReadData_0|zero_extend:b2v_ZeroExtend_Byte ;
+----------------+-------+------------------------------------------------------------------------------+
; Parameter Name ; Value ; Type                                                                         ;
+----------------+-------+------------------------------------------------------------------------------+
; WIDTH          ; 8     ; Signed Integer                                                               ;
; ZEROS          ; 24    ; Signed Integer                                                               ;
+----------------+-------+------------------------------------------------------------------------------+
Note: In order to hide this table in the UI and the text report file, please set the "Show Parameter Settings in Synthesis Report" option in "Analysis and Synthesis Settings -> More Settings" to "Off".


+-------------------------------------------------------------------------------------------------------+
; Parameter Settings for User Entity Instance: read_data:b2v_ReadData_0|zero_extend:b2v_ZeroExtend_Half ;
+----------------+-------+------------------------------------------------------------------------------+
; Parameter Name ; Value ; Type                                                                         ;
+----------------+-------+------------------------------------------------------------------------------+
; WIDTH          ; 16    ; Signed Integer                                                               ;
; ZEROS          ; 16    ; Signed Integer                                                               ;
+----------------+-------+------------------------------------------------------------------------------+
Note: In order to hide this table in the UI and the text report file, please set the "Show Parameter Settings in Synthesis Report" option in "Analysis and Synthesis Settings -> More Settings" to "Off".


+---------------------------------------------------------------+
; Parameter Settings for User Entity Instance: mux4:b2v_SrcAMux ;
+----------------+-------+--------------------------------------+
; Parameter Name ; Value ; Type                                 ;
+----------------+-------+--------------------------------------+
; WIDTH          ; 32    ; Signed Integer                       ;
+----------------+-------+--------------------------------------+
Note: In order to hide this table in the UI and the text report file, please set the "Show Parameter Settings in Synthesis Report" option in "Analysis and Synthesis Settings -> More Settings" to "Off".


+---------------------------------------------------------------+
; Parameter Settings for User Entity Instance: mux3:b2v_SrcBMux ;
+----------------+-------+--------------------------------------+
; Parameter Name ; Value ; Type                                 ;
+----------------+-------+--------------------------------------+
; WIDTH          ; 32    ; Signed Integer                       ;
+----------------+-------+--------------------------------------+
Note: In order to hide this table in the UI and the text report file, please set the "Show Parameter Settings in Synthesis Report" option in "Analysis and Synthesis Settings -> More Settings" to "Off".


+----------------------------------------------------------------------------------------------------+
; Parameter Settings for User Entity Instance: write_data:b2v_WriteData_0|mux2:b2v_ByteWordSelectMux ;
+----------------+-------+---------------------------------------------------------------------------+
; Parameter Name ; Value ; Type                                                                      ;
+----------------+-------+---------------------------------------------------------------------------+
; WIDTH          ; 32    ; Signed Integer                                                            ;
+----------------+-------+---------------------------------------------------------------------------+
Note: In order to hide this table in the UI and the text report file, please set the "Show Parameter Settings in Synthesis Report" option in "Analysis and Synthesis Settings -> More Settings" to "Off".


+------------------------------------------------------------------------------------------------+
; Parameter Settings for User Entity Instance: write_data:b2v_WriteData_0|mux4:b2v_SelectByteMux ;
+----------------+-------+-----------------------------------------------------------------------+
; Parameter Name ; Value ; Type                                                                  ;
+----------------+-------+-----------------------------------------------------------------------+
; WIDTH          ; 32    ; Signed Integer                                                        ;
+----------------+-------+-----------------------------------------------------------------------+
Note: In order to hide this table in the UI and the text report file, please set the "Show Parameter Settings in Synthesis Report" option in "Analysis and Synthesis Settings -> More Settings" to "Off".


+------------------------------------------------------------------------------------------------+
; Parameter Settings for User Entity Instance: write_data:b2v_WriteData_0|mux2:b2v_SelectHalfMux ;
+----------------+-------+-----------------------------------------------------------------------+
; Parameter Name ; Value ; Type                                                                  ;
+----------------+-------+-----------------------------------------------------------------------+
; WIDTH          ; 32    ; Signed Integer                                                        ;
+----------------+-------+-----------------------------------------------------------------------+
Note: In order to hide this table in the UI and the text report file, please set the "Show Parameter Settings in Synthesis Report" option in "Analysis and Synthesis Settings -> More Settings" to "Off".


+-----------------------------------------------------------------------------------------------+
; Parameter Settings for User Entity Instance: write_data:b2v_WriteData_0|mux2:b2v_WriteDataMux ;
+----------------+-------+----------------------------------------------------------------------+
; Parameter Name ; Value ; Type                                                                 ;
+----------------+-------+----------------------------------------------------------------------+
; WIDTH          ; 32    ; Signed Integer                                                       ;
+----------------+-------+----------------------------------------------------------------------+
Note: In order to hide this table in the UI and the text report file, please set the "Show Parameter Settings in Synthesis Report" option in "Analysis and Synthesis Settings -> More Settings" to "Off".


+--------------------------------------------------------------------------+
; Parameter Settings for User Entity Instance: constant_32bit:b2v_ZeroForA ;
+----------------+-------+-------------------------------------------------+
; Parameter Name ; Value ; Type                                            ;
+----------------+-------+-------------------------------------------------+
; value          ; 0     ; Signed Integer                                  ;
+----------------+-------+-------------------------------------------------+
Note: In order to hide this table in the UI and the text report file, please set the "Show Parameter Settings in Synthesis Report" option in "Analysis and Synthesis Settings -> More Settings" to "Off".


+---------------------------------------------------------------------------------------------------------------------------+
; Analysis & Elaboration Settings                                                                                           ;
+---------------------------------------------------------------------------------+--------------------+--------------------+
; Option                                                                          ; Setting            ; Default Value      ;
+---------------------------------------------------------------------------------+--------------------+--------------------+
; Device                                                                          ; 5CGXFC7C7F23C8     ;                    ;
; Top-level entity name                                                           ; datapath           ; Datapath           ;
; Family name                                                                     ; Cyclone V          ; Cyclone V          ;
; Use smart compilation                                                           ; Off                ; Off                ;
; Enable parallel Assembler and Timing Analyzer during compilation                ; On                 ; On                 ;
; Enable compact report table                                                     ; Off                ; Off                ;
; Restructure Multiplexers                                                        ; Auto               ; Auto               ;
; MLAB Add Timing Constraints For Mixed-Port Feed-Through Mode Setting Don't Care ; Off                ; Off                ;
; Create Debugging Nodes for IP Cores                                             ; Off                ; Off                ;
; Preserve fewer node names                                                       ; On                 ; On                 ;
; Intel FPGA IP Evaluation Mode                                                   ; Enable             ; Enable             ;
; Verilog Version                                                                 ; Verilog_2001       ; Verilog_2001       ;
; VHDL Version                                                                    ; VHDL_1993          ; VHDL_1993          ;
; State Machine Processing                                                        ; Auto               ; Auto               ;
; Safe State Machine                                                              ; Off                ; Off                ;
; Extract Verilog State Machines                                                  ; On                 ; On                 ;
; Extract VHDL State Machines                                                     ; On                 ; On                 ;
; Ignore Verilog initial constructs                                               ; Off                ; Off                ;
; Iteration limit for constant Verilog loops                                      ; 5000               ; 5000               ;
; Iteration limit for non-constant Verilog loops                                  ; 250                ; 250                ;
; Add Pass-Through Logic to Inferred RAMs                                         ; On                 ; On                 ;
; Infer RAMs from Raw Logic                                                       ; On                 ; On                 ;
; Parallel Synthesis                                                              ; On                 ; On                 ;
; DSP Block Balancing                                                             ; Auto               ; Auto               ;
; NOT Gate Push-Back                                                              ; On                 ; On                 ;
; Power-Up Don't Care                                                             ; On                 ; On                 ;
; Remove Redundant Logic Cells                                                    ; Off                ; Off                ;
; Remove Duplicate Registers                                                      ; On                 ; On                 ;
; Ignore CARRY Buffers                                                            ; Off                ; Off                ;
; Ignore CASCADE Buffers                                                          ; Off                ; Off                ;
; Ignore GLOBAL Buffers                                                           ; Off                ; Off                ;
; Ignore ROW GLOBAL Buffers                                                       ; Off                ; Off                ;
; Ignore LCELL Buffers                                                            ; Off                ; Off                ;
; Ignore SOFT Buffers                                                             ; On                 ; On                 ;
; Limit AHDL Integers to 32 Bits                                                  ; Off                ; Off                ;
; Optimization Technique                                                          ; Balanced           ; Balanced           ;
; Carry Chain Length                                                              ; 70                 ; 70                 ;
; Auto Carry Chains                                                               ; On                 ; On                 ;
; Auto Open-Drain Pins                                                            ; On                 ; On                 ;
; Perform WYSIWYG Primitive Resynthesis                                           ; Off                ; Off                ;
; Auto ROM Replacement                                                            ; On                 ; On                 ;
; Auto RAM Replacement                                                            ; On                 ; On                 ;
; Auto DSP Block Replacement                                                      ; On                 ; On                 ;
; Auto Shift Register Replacement                                                 ; Auto               ; Auto               ;
; Allow Shift Register Merging across Hierarchies                                 ; Auto               ; Auto               ;
; Auto Clock Enable Replacement                                                   ; On                 ; On                 ;
; Strict RAM Replacement                                                          ; Off                ; Off                ;
; Allow Synchronous Control Signals                                               ; On                 ; On                 ;
; Force Use of Synchronous Clear Signals                                          ; Off                ; Off                ;
; Auto Resource Sharing                                                           ; Off                ; Off                ;
; Allow Any RAM Size For Recognition                                              ; Off                ; Off                ;
; Allow Any ROM Size For Recognition                                              ; Off                ; Off                ;
; Allow Any Shift Register Size For Recognition                                   ; Off                ; Off                ;
; Use LogicLock Constraints during Resource Balancing                             ; On                 ; On                 ;
; Ignore translate_off and synthesis_off directives                               ; Off                ; Off                ;
; Timing-Driven Synthesis                                                         ; On                 ; On                 ;
; Report Parameter Settings                                                       ; On                 ; On                 ;
; Report Source Assignments                                                       ; On                 ; On                 ;
; Report Connectivity Checks                                                      ; On                 ; On                 ;
; Ignore Maximum Fan-Out Assignments                                              ; Off                ; Off                ;
; Synchronization Register Chain Length                                           ; 3                  ; 3                  ;
; Power Optimization During Synthesis                                             ; Normal compilation ; Normal compilation ;
; HDL message level                                                               ; Level2             ; Level2             ;
; Suppress Register Optimization Related Messages                                 ; Off                ; Off                ;
; Number of Removed Registers Reported in Synthesis Report                        ; 5000               ; 5000               ;
; Number of Swept Nodes Reported in Synthesis Report                              ; 5000               ; 5000               ;
; Number of Inverted Registers Reported in Synthesis Report                       ; 100                ; 100                ;
; Clock MUX Protection                                                            ; On                 ; On                 ;
; Auto Gated Clock Conversion                                                     ; Off                ; Off                ;
; Block Design Naming                                                             ; Auto               ; Auto               ;
; SDC constraint protection                                                       ; Off                ; Off                ;
; Synthesis Effort                                                                ; Auto               ; Auto               ;
; Shift Register Replacement - Allow Asynchronous Clear Signal                    ; On                 ; On                 ;
; Pre-Mapping Resynthesis Optimization                                            ; Off                ; Off                ;
; Analysis & Synthesis Message Level                                              ; Medium             ; Medium             ;
; Disable Register Merging Across Hierarchies                                     ; Auto               ; Auto               ;
; Resource Aware Inference For Block RAM                                          ; On                 ; On                 ;
; Automatic Parallel Synthesis                                                    ; On                 ; On                 ;
; Partial Reconfiguration Bitstream ID                                            ; Off                ; Off                ;
+---------------------------------------------------------------------------------+--------------------+--------------------+


+----------------------------------------------------------+
; Port Connectivity Checks: "register_n:b2v_Data_register" ;
+--------+-------+----------+------------------------------+
; Port   ; Type  ; Severity ; Details                      ;
+--------+-------+----------+------------------------------+
; enable ; Input ; Info     ; Stuck at VCC                 ;
+--------+-------+----------+------------------------------+


+------------------------------------------------------------+
; Port Connectivity Checks: "register_n:b2v_ALUOut_register" ;
+--------+-------+----------+--------------------------------+
; Port   ; Type  ; Severity ; Details                        ;
+--------+-------+----------+--------------------------------+
; enable ; Input ; Info     ; Stuck at VCC                   ;
+--------+-------+----------+--------------------------------+


+-------------------------------------------------------+
; Port Connectivity Checks: "register_n:b2v_A_register" ;
+--------+-------+----------+---------------------------+
; Port   ; Type  ; Severity ; Details                   ;
+--------+-------+----------+---------------------------+
; enable ; Input ; Info     ; Stuck at VCC              ;
+--------+-------+----------+---------------------------+


+---------------------------------+
; Analysis & Elaboration Messages ;
+---------------------------------+
Info: *******************************************************************
Info: Running Quartus Prime Analysis & Elaboration
    Info: Version 20.1.1 Build 720 11/11/2020 SJ Lite Edition
    Info: Processing started: Wed Mar 13 11:30:52 2024
Info: Command: quartus_map --read_settings_files=on --write_settings_files=off Datapath -c Datapath --analysis_and_elaboration
Warning (18236): Number of processors has not been specified which may cause overloading on shared machines.  Set the global assignment NUM_PARALLEL_PROCESSORS in your QSF to an appropriate value for best performance.
Info (20030): Parallel compilation is enabled and will use 4 of the 4 processors detected
Info (12021): Found 1 design units, including 1 entities, in source file write_data.v
    Info (12023): Found entity 1: write_data File: C:/Users/gusbr/Desktop/CodingShit/Quartus/Datapath/write_data.v Line: 20
Info (12021): Found 1 design units, including 1 entities, in source file read_data.v
    Info (12023): Found entity 1: read_data File: C:/Users/gusbr/Desktop/CodingShit/Quartus/Datapath/read_data.v Line: 20
Info (12021): Found 1 design units, including 1 entities, in source file alu.v
    Info (12023): Found entity 1: ALU File: C:/Users/gusbr/Desktop/CodingShit/Quartus/Datapath/ALU.v Line: 1
Info (12021): Found 1 design units, including 1 entities, in source file register_n.v
    Info (12023): Found entity 1: register_n File: C:/Users/gusbr/Desktop/CodingShit/Quartus/Datapath/register_n.v Line: 1
Info (12021): Found 1 design units, including 1 entities, in source file mux4.v
    Info (12023): Found entity 1: mux4 File: C:/Users/gusbr/Desktop/CodingShit/Quartus/Datapath/mux4.v Line: 1
Info (12021): Found 1 design units, including 1 entities, in source file mux3.v
    Info (12023): Found entity 1: mux3 File: C:/Users/gusbr/Desktop/CodingShit/Quartus/Datapath/mux3.v Line: 1
Info (12021): Found 1 design units, including 1 entities, in source file mux2.v
    Info (12023): Found entity 1: mux2 File: C:/Users/gusbr/Desktop/CodingShit/Quartus/Datapath/mux2.v Line: 1
Info (12021): Found 1 design units, including 1 entities, in source file register_file.v
    Info (12023): Found entity 1: register_file File: C:/Users/gusbr/Desktop/CodingShit/Quartus/Datapath/register_file.v Line: 1
Info (12021): Found 1 design units, including 1 entities, in source file extend.v
    Info (12023): Found entity 1: extend File: C:/Users/gusbr/Desktop/CodingShit/Quartus/Datapath/extend.v Line: 1
Info (12021): Found 1 design units, including 1 entities, in source file datapath.v
    Info (12023): Found entity 1: datapath File: C:/Users/gusbr/Desktop/CodingShit/Quartus/Datapath/datapath.v Line: 1
Info (12021): Found 1 design units, including 1 entities, in source file constant_32bit.v
    Info (12023): Found entity 1: constant_32bit File: C:/Users/gusbr/Desktop/CodingShit/Quartus/Datapath/constant_32bit.v Line: 1
Info (12021): Found 1 design units, including 1 entities, in source file zero_extend.v
    Info (12023): Found entity 1: zero_extend File: C:/Users/gusbr/Desktop/CodingShit/Quartus/Datapath/zero_extend.v Line: 1
Info (12021): Found 1 design units, including 1 entities, in source file sign_extend.v
    Info (12023): Found entity 1: sign_extend File: C:/Users/gusbr/Desktop/CodingShit/Quartus/Datapath/sign_extend.v Line: 1
Info (12127): Elaborating entity "datapath" for the top level hierarchy
Info (12128): Elaborating entity "register_n" for hierarchy "register_n:b2v_A_register" File: C:/Users/gusbr/Desktop/CodingShit/Quartus/Datapath/datapath.v Line: 77
Info (12128): Elaborating entity "ALU" for hierarchy "ALU:b2v_ALU_0" File: C:/Users/gusbr/Desktop/CodingShit/Quartus/Datapath/datapath.v Line: 85
Warning (10230): Verilog HDL assignment warning at ALU.v(92): truncated value with size 32 to match size of target (1) File: C:/Users/gusbr/Desktop/CodingShit/Quartus/Datapath/ALU.v Line: 92
Info (12128): Elaborating entity "mux3" for hierarchy "mux3:b2v_ALUMux" File: C:/Users/gusbr/Desktop/CodingShit/Quartus/Datapath/datapath.v Line: 92
Info (12128): Elaborating entity "extend" for hierarchy "extend:b2v_extend_0" File: C:/Users/gusbr/Desktop/CodingShit/Quartus/Datapath/datapath.v Line: 122
Info (12128): Elaborating entity "mux2" for hierarchy "mux2:b2v_InstrDataMemoryMux" File: C:/Users/gusbr/Desktop/CodingShit/Quartus/Datapath/datapath.v Line: 128
Info (12128): Elaborating entity "constant_32bit" for hierarchy "constant_32bit:b2v_PCIncrement" File: C:/Users/gusbr/Desktop/CodingShit/Quartus/Datapath/datapath.v Line: 156
Info (12128): Elaborating entity "read_data" for hierarchy "read_data:b2v_ReadData_0" File: C:/Users/gusbr/Desktop/CodingShit/Quartus/Datapath/datapath.v Line: 163
Info (12128): Elaborating entity "mux4" for hierarchy "read_data:b2v_ReadData_0|mux4:b2v_ByteSelectMux" File: C:/Users/gusbr/Desktop/CodingShit/Quartus/Datapath/read_data.v Line: 52
Info (12128): Elaborating entity "mux2" for hierarchy "read_data:b2v_ReadData_0|mux2:b2v_HalfWordSelect" File: C:/Users/gusbr/Desktop/CodingShit/Quartus/Datapath/read_data.v Line: 60
Info (12128): Elaborating entity "sign_extend" for hierarchy "read_data:b2v_ReadData_0|sign_extend:b2v_SignExtend_Byte" File: C:/Users/gusbr/Desktop/CodingShit/Quartus/Datapath/read_data.v Line: 91
Info (12128): Elaborating entity "sign_extend" for hierarchy "read_data:b2v_ReadData_0|sign_extend:b2v_SignExtend_Half" File: C:/Users/gusbr/Desktop/CodingShit/Quartus/Datapath/read_data.v Line: 98
Info (12128): Elaborating entity "zero_extend" for hierarchy "read_data:b2v_ReadData_0|zero_extend:b2v_ZeroExtend_Byte" File: C:/Users/gusbr/Desktop/CodingShit/Quartus/Datapath/read_data.v Line: 105
Info (12128): Elaborating entity "zero_extend" for hierarchy "read_data:b2v_ReadData_0|zero_extend:b2v_ZeroExtend_Half" File: C:/Users/gusbr/Desktop/CodingShit/Quartus/Datapath/read_data.v Line: 112
Info (12128): Elaborating entity "register_file" for hierarchy "register_file:b2v_rf_0" File: C:/Users/gusbr/Desktop/CodingShit/Quartus/Datapath/datapath.v Line: 174
Warning (10230): Verilog HDL assignment warning at register_file.v(19): truncated value with size 32 to match size of target (7) File: C:/Users/gusbr/Desktop/CodingShit/Quartus/Datapath/register_file.v Line: 19
Warning (10240): Verilog HDL Always Construct warning at register_file.v(16): inferring latch(es) for variable "i", which holds its previous value in one or more paths through the always construct File: C:/Users/gusbr/Desktop/CodingShit/Quartus/Datapath/register_file.v Line: 16
Info (12128): Elaborating entity "mux4" for hierarchy "mux4:b2v_SrcAMux" File: C:/Users/gusbr/Desktop/CodingShit/Quartus/Datapath/datapath.v Line: 182
Info (12128): Elaborating entity "write_data" for hierarchy "write_data:b2v_WriteData_0" File: C:/Users/gusbr/Desktop/CodingShit/Quartus/Datapath/datapath.v Line: 198
Info (12128): Elaborating entity "constant_32bit" for hierarchy "constant_32bit:b2v_ZeroForA" File: C:/Users/gusbr/Desktop/CodingShit/Quartus/Datapath/datapath.v Line: 201
Info (144001): Generated suppressed messages file C:/Users/gusbr/Desktop/CodingShit/Quartus/Datapath/output_files/Datapath.map.smsg
Info: Quartus Prime Analysis & Elaboration was successful. 0 errors, 4 warnings
    Info: Peak virtual memory: 4776 megabytes
    Info: Processing ended: Wed Mar 13 11:30:58 2024
    Info: Elapsed time: 00:00:06
    Info: Total CPU time (on all processors): 00:00:15


+--------------------------------------------+
; Analysis & Elaboration Suppressed Messages ;
+--------------------------------------------+
The suppressed messages can be found in C:/Users/gusbr/Desktop/CodingShit/Quartus/Datapath/output_files/Datapath.map.smsg.


